21:01:26.550 [main] INFO  testCases.TC_001RegistrationTests - Finished Executing Registration Test
21:01:41.409 [main] INFO  testCases.TC_002LoginTest - Started Executing Registration Test
21:01:42.808 [main] INFO  testCases.TC_002LoginTest - Clicked on Sign In button
21:01:42.960 [main] INFO  testCases.TC_002LoginTest - Entered username
21:01:46.188 [main] INFO  testCases.TC_002LoginTest - Entered password
21:01:47.652 [main] INFO  testCases.TC_002LoginTest - Clicked Login button
21:03:18.377 [main] INFO  org.testng.internal.Utils - [TestNG] Running:
  D:\java_eclipse\LearningWorkspace\JPetStoreProject\testng.xml

21:03:27.867 [main] INFO  testCases.TC_001RegistrationTests - Started Executing Registration Test
21:03:37.216 [main] INFO  testCases.TC_001RegistrationTests - Finished Executing Registration Test
21:03:51.912 [main] INFO  testCases.TC_002LoginTest - Started Executing Registration Test
21:03:53.501 [main] INFO  testCases.TC_002LoginTest - Clicked on Sign In button
21:03:53.653 [main] INFO  testCases.TC_002LoginTest - Entered username
21:03:56.874 [main] INFO  testCases.TC_002LoginTest - Entered password
21:03:58.411 [main] INFO  testCases.TC_002LoginTest - Clicked Login button
21:10:00.374 [main] INFO  org.testng.internal.Utils - [TestNG] Running:
  D:\java_eclipse\LearningWorkspace\JPetStoreProject\testng.xml

21:10:12.804 [main] INFO  testCases.TC_001RegistrationTests - Started Executing Registration Test
21:10:25.179 [main] INFO  testCases.TC_001RegistrationTests - Finished Executing Registration Test
21:10:40.049 [main] INFO  testCases.TC_002LoginTest - Started Executing Registration Test
21:10:41.594 [main] INFO  testCases.TC_002LoginTest - Clicked on Sign In button
21:10:41.770 [main] INFO  testCases.TC_002LoginTest - Entered username
21:10:45.003 [main] INFO  testCases.TC_002LoginTest - Entered password
21:10:50.288 [main] INFO  testCases.TC_002LoginTest - Clicked Login button
21:10:50.353 [main] INFO  testCases.TC_002LoginTest - Finished Executing Login Test
